<?xml version="1.0" encoding="UTF-8"?>
<testsuite xmlns:xsi="http://www.w3.org/2001/XMLSchema-instance" xsi:noNamespaceSchemaLocation="https://maven.apache.org/surefire/maven-surefire-plugin/xsd/surefire-test-report-3.0.xsd" version="3.0" name="TestSuite" time="7.482" tests="1" errors="0" skipped="0" failures="0">
  <properties>
[...]
</properties>
  <testcase name="sample" classname="harish.Get_Request" time="4.807">
    <system-out><![CDATA[[TestNGContentHandler] [WARN] It is strongly recommended to add "<!DOCTYPE suite SYSTEM "http://testng.org/testng-1.0.dtd" >" at the top of your file, otherwise TestNG may fail or not work as expected.
{"page":1,"per_page":6,"total":12,"total_pages":2,"data":[{"id":1,"email":"george.bluth@reqres.in","first_name":"George","last_name":"Bluth","avatar":"https://s3.amazonaws.com/uifaces/faces/twitter/calebogden/128.jpg"},{"id":2,"email":"janet.weaver@reqres.in","first_name":"Janet","last_name":"Weaver","avatar":"https://s3.amazonaws.com/uifaces/faces/twitter/josephstein/128.jpg"},{"id":3,"email":"emma.wong@reqres.in","first_name":"Emma","last_name":"Wong","avatar":"https://s3.amazonaws.com/uifaces/faces/twitter/olegpogodaev/128.jpg"},{"id":4,"email":"eve.holt@reqres.in","first_name":"Eve","last_name":"Holt","avatar":"https://s3.amazonaws.com/uifaces/faces/twitter/marcoramires/128.jpg"},{"id":5,"email":"charles.morris@reqres.in","first_name":"Charles","last_name":"Morris","avatar":"https://s3.amazonaws.com/uifaces/faces/twitter/stephenmoon/128.jpg"},{"id":6,"email":"tracey.ramos@reqres.in","first_name":"Tracey","last_name":"Ramos","avatar":"https://s3.amazonaws.com/uifaces/faces/twitter/bigmancho/128.jpg"}],"ad":{"company":"StatusCode Weekly","url":"http://statuscode.org/","text":"A weekly newsletter focusing on software development, infrastructure, the server, performance, and the stack end of things."}}
200
HTTP/1.1 200 OK
1759
2
{
    "page": 1,
    "per_page": 6,
    "total": 12,
    "total_pages": 2,
    "data": [
        {
            "id": 1,
            "email": "george.bluth@reqres.in",
            "first_name": "George",
            "last_name": "Bluth",
            "avatar": "https://s3.amazonaws.com/uifaces/faces/twitter/calebogden/128.jpg"
        },
        {
            "id": 2,
            "email": "janet.weaver@reqres.in",
            "first_name": "Janet",
            "last_name": "Weaver",
            "avatar": "https://s3.amazonaws.com/uifaces/faces/twitter/josephstein/128.jpg"
        },
        {
            "id": 3,
            "email": "emma.wong@reqres.in",
            "first_name": "Emma",
            "last_name": "Wong",
            "avatar": "https://s3.amazonaws.com/uifaces/faces/twitter/olegpogodaev/128.jpg"
        },
        {
            "id": 4,
            "email": "eve.holt@reqres.in",
            "first_name": "Eve",
            "last_name": "Holt",
            "avatar": "https://s3.amazonaws.com/uifaces/faces/twitter/marcoramires/128.jpg"
        },
        {
            "id": 5,
            "email": "charles.morris@reqres.in",
            "first_name": "Charles",
            "last_name": "Morris",
            "avatar": "https://s3.amazonaws.com/uifaces/faces/twitter/stephenmoon/128.jpg"
        },
        {
            "id": 6,
            "email": "tracey.ramos@reqres.in",
            "first_name": "Tracey",
            "last_name": "Ramos",
            "avatar": "https://s3.amazonaws.com/uifaces/faces/twitter/bigmancho/128.jpg"
        }
    ],
    "ad": {
        "company": "StatusCode Weekly",
        "url": "http://statuscode.org/",
        "text": "A weekly newsletter focusing on software development, infrastructure, the server, performance, and the stack end of things."
    }
}
{
    "page": 1,
    "per_page": 6,
    "total": 12,
    "total_pages": 2,
    "data": [
        {
            "id": 1,
            "email": "george.bluth@reqres.in",
            "first_name": "George",
            "last_name": "Bluth",
            "avatar": "https://s3.amazonaws.com/uifaces/faces/twitter/calebogden/128.jpg"
        },
        {
            "id": 2,
            "email": "janet.weaver@reqres.in",
            "first_name": "Janet",
            "last_name": "Weaver",
            "avatar": "https://s3.amazonaws.com/uifaces/faces/twitter/josephstein/128.jpg"
        },
        {
            "id": 3,
            "email": "emma.wong@reqres.in",
            "first_name": "Emma",
            "last_name": "Wong",
            "avatar": "https://s3.amazonaws.com/uifaces/faces/twitter/olegpogodaev/128.jpg"
        },
        {
            "id": 4,
            "email": "eve.holt@reqres.in",
            "first_name": "Eve",
            "last_name": "Holt",
            "avatar": "https://s3.amazonaws.com/uifaces/faces/twitter/marcoramires/128.jpg"
        },
        {
            "id": 5,
            "email": "charles.morris@reqres.in",
            "first_name": "Charles",
            "last_name": "Morris",
            "avatar": "https://s3.amazonaws.com/uifaces/faces/twitter/stephenmoon/128.jpg"
        },
        {
            "id": 6,
            "email": "tracey.ramos@reqres.in",
            "first_name": "Tracey",
            "last_name": "Ramos",
            "avatar": "https://s3.amazonaws.com/uifaces/faces/twitter/bigmancho/128.jpg"
        }
    ],
    "ad": {
        "company": "StatusCode Weekly",
        "url": "http://statuscode.org/",
        "text": "A weekly newsletter focusing on software development, infrastructure, the server, performance, and the stack end of things."
    }
}
{per_page=6, total=12, ad.company=StatusCode Weekly, ad.text=A weekly newsletter focusing on software development, infrastructure, the server, performance, and the stack end of things., ad.url=http://statuscode.org/, data[0].last_name=Bluth, data[0].id=1, data[0].avatar=https://s3.amazonaws.com/uifaces/faces/twitter/calebogden/128.jpg, data[0].first_name=George, data[0].email=george.bluth@reqres.in, data[1].last_name=Weaver, data[1].id=2, data[1].avatar=https://s3.amazonaws.com/uifaces/faces/twitter/josephstein/128.jpg, data[1].first_name=Janet, data[1].email=janet.weaver@reqres.in, data[2].last_name=Wong, data[2].id=3, data[2].avatar=https://s3.amazonaws.com/uifaces/faces/twitter/olegpogodaev/128.jpg, data[2].first_name=Emma, data[2].email=emma.wong@reqres.in, data[3].last_name=Holt, data[3].id=4, data[3].avatar=https://s3.amazonaws.com/uifaces/faces/twitter/marcoramires/128.jpg, data[3].first_name=Eve, data[3].email=eve.holt@reqres.in, data[4].last_name=Morris, data[4].id=5, data[4].avatar=https://s3.amazonaws.com/uifaces/faces/twitter/stephenmoon/128.jpg, data[4].first_name=Charles, data[4].email=charles.morris@reqres.in, data[5].last_name=Ramos, data[5].id=6, data[5].avatar=https://s3.amazonaws.com/uifaces/faces/twitter/bigmancho/128.jpg, data[5].first_name=Tracey, data[5].email=tracey.ramos@reqres.in, page=1, total_pages=2}
]]></system-out>
    <system-err><![CDATA[Response
Response Code
Response Status Line
Response Time
Response Customized
Response In Json
Response In Map
]]></system-err>
  </testcase>
</testsuite>