<?xml version="1.0" encoding="UTF-8"?>
<testng-results skipped="0" failed="0" ignored="0" total="1" passed="1">
  <reporter-output>
  </reporter-output>
  <suite name="Suite" duration-ms="4776" started-at="2020-07-14T14:21:00Z" finished-at="2020-07-14T14:21:04Z">
    <groups>
    </groups>
    <test name="Test" duration-ms="4776" started-at="2020-07-14T14:21:00Z" finished-at="2020-07-14T14:21:04Z">
      <class name="harish.Get_Request">
        <test-method status="PASS" signature="sample()[pri:0, instance:harish.Get_Request@3b938003]" name="sample" duration-ms="4659" started-at="2020-07-14T14:21:00Z" finished-at="2020-07-14T14:21:04Z">
          <reporter-output>
          </reporter-output>
        </test-method> <!-- sample -->
      </class> <!-- harish.Get_Request -->
    </test> <!-- Test -->
  </suite> <!-- Suite -->
</testng-results>
